ERROR:root:[02.02.2023 10:51:00pm]File cannot be found
ERROR:root:[02.02.2023 11:06:33pm]File cannot be found
ERROR:root:[03.02.2023 11:43:08am]File or folder name not found
ERROR:root:[03.02.2023 11:43:42am]File removed successfully
ERROR:root:[03.02.2023 11:43:53am]Directory removed successfully
ERROR:root:[03.02.2023 11:44:01am]Directory removed successfully
ERROR:root:[03.02.2023 11:56:34am]Directory removed successfully
ERROR:root:[03.02.2023 11:58:04am]Directory removed successfully
ERROR:root:[03.02.2023 11:58:09am]Directory removed successfully
ERROR:root:[03.02.2023 12:02:57pm]Directory created successfully
ERROR:root:[03.02.2023 12:02:57pm]Directory created successfully
ERROR:root:[03.02.2023 12:09:20pm]Directory created successfully
ERROR:root:[03.02.2023 12:09:20pm]Directory created successfully
ERROR:root:[03.02.2023 12:09:50pm]File cannot be found
ERROR:root:[03.02.2023 12:14:34pm]Directory created successfully
ERROR:root:[03.02.2023 12:14:34pm]Directory created successfully
ERROR:root:[03.02.2023 12:14:43pm]The url was valid
ERROR:root:[03.02.2023 12:14:45pm]Retrieved data successfully
ERROR:root:[03.02.2023 12:18:38pm]Directory created successfully
ERROR:root:[03.02.2023 12:18:38pm]Directory created successfully
ERROR:root:[03.02.2023 12:19:14pm]File cannot be found
ERROR:root:[03.02.2023 12:20:50pm]The url was valid
ERROR:root:[03.02.2023 12:24:26pm]The url was valid
ERROR:root:[03.02.2023 12:26:35pm]The url was valid
ERROR:root:[03.02.2023 12:44:24pm]The url was valid
ERROR:root:[03.02.2023 12:50:44pm]The url was valid
ERROR:root:[03.02.2023 12:50:46pm]HTTP Error 503: Service Unavailable
ERROR:root:[03.02.2023 04:04:56pm]The url was valid
ERROR:root:[03.02.2023 04:04:58pm]HTTP Error 503: Service Unavailable
ERROR:root:[03.02.2023 04:10:42pm]The url was valid
ERROR:root:[03.02.2023 04:50:16pm]The url was valid
ERROR:root:[03.02.2023 05:05:35pm]File cannot be found
ERROR:root:[03.02.2023 05:05:51pm]File cannot be found
ERROR:root:[03.02.2023 05:07:33pm]The url was valid
ERROR:root:[03.02.2023 09:25:48pm]"data" directory created successfully
ERROR:root:[03.02.2023 09:25:48pm]"output" directory created successfully
ERROR:root:[03.02.2023 10:15:11pm]Directory removed successfully
ERROR:root:[03.02.2023 10:15:51pm]"output" directory created successfully
ERROR:root:[03.02.2023 10:19:34pm]The url was valid
